<?xml version="1.0" encoding="UTF-8"?>
<robot generator="Robot 3.2.2 (Python 3.7.7 on win32)" generated="20210813 12:10:26.450" rpa="false">
<suite id="s1" name="Suites">
<suite id="s1-s1" name="DDT" source="C:\Users\dennypc\eclipse-workspace\robottutorial\DDT.robot">
<kw name="buka browser" library="resource" type="setup">
<kw name="Open Browser" library="SeleniumLibrary">
<doc>Opens a new browser instance to the optional ``url``.</doc>
<arguments>
<arg>${login_url}</arg>
<arg>${browser}</arg>
</arguments>
<msg timestamp="20210813 12:10:26.913" level="INFO">Opening browser 'headlessfirefox' to base url 'https://admin-demo.nopcommerce.com'.</msg>
<msg timestamp="20210813 12:10:26.915" level="INFO">Firefox driver log is always forced to to: C:\Users\dennypc\eclipse-workspace\robottutorial\pabot_results\0\geckodriver-1.log</msg>
<status status="PASS" starttime="20210813 12:10:26.913" endtime="20210813 12:10:36.081"></status>
</kw>
<kw name="Maximize Browser Window" library="SeleniumLibrary">
<doc>Maximizes current browser window.</doc>
<status status="PASS" starttime="20210813 12:10:36.082" endtime="20210813 12:10:36.108"></status>
</kw>
<status status="PASS" starttime="20210813 12:10:26.912" endtime="20210813 12:10:36.109"></status>
</kw>
<test id="s1-s1-t1" name="Right user empty pass">
<kw name="invalid login">
<arguments>
<arg>admin@yourstore.com</arg>
<arg>${EMPTY}</arg>
</arguments>
<kw name="input username" library="resource">
<arguments>
<arg>${username}</arg>
</arguments>
<kw name="Input Text" library="SeleniumLibrary">
<doc>Types the given ``text`` into the text field identified by ``locator``.</doc>
<arguments>
<arg>id=Email</arg>
<arg>${username}</arg>
</arguments>
<msg timestamp="20210813 12:10:36.115" level="INFO">Typing text 'admin@yourstore.com' into text field 'id=Email'.</msg>
<status status="PASS" starttime="20210813 12:10:36.114" endtime="20210813 12:10:36.225"></status>
</kw>
<status status="PASS" starttime="20210813 12:10:36.113" endtime="20210813 12:10:36.225"></status>
</kw>
<kw name="input pwd" library="resource">
<arguments>
<arg>${password}</arg>
</arguments>
<kw name="Input Text" library="SeleniumLibrary">
<doc>Types the given ``text`` into the text field identified by ``locator``.</doc>
<arguments>
<arg>id=Password</arg>
<arg>${password}</arg>
</arguments>
<msg timestamp="20210813 12:10:36.228" level="INFO">Typing text '' into text field 'id=Password'.</msg>
<status status="PASS" starttime="20210813 12:10:36.227" endtime="20210813 12:10:36.284"></status>
</kw>
<status status="PASS" starttime="20210813 12:10:36.226" endtime="20210813 12:10:36.284"></status>
</kw>
<kw name="click login" library="resource">
<kw name="Click Element" library="SeleniumLibrary">
<doc>Click the element identified by ``locator``.</doc>
<arguments>
<arg>xpath=//button[contains(text(),'Log in')]</arg>
</arguments>
<msg timestamp="20210813 12:10:36.286" level="INFO">Clicking element 'xpath=//button[contains(text(),'Log in')]'.</msg>
<status status="PASS" starttime="20210813 12:10:36.285" endtime="20210813 12:10:37.477"></status>
</kw>
<status status="PASS" starttime="20210813 12:10:36.284" endtime="20210813 12:10:37.478"></status>
</kw>
<kw name="error message should be visible" library="resource">
<kw name="Page Should Contain" library="SeleniumLibrary">
<doc>Verifies that current page contains ``text``.</doc>
<arguments>
<arg>Login was unsuccessful</arg>
</arguments>
<msg timestamp="20210813 12:10:37.506" level="INFO">Current page contains text 'Login was unsuccessful'.</msg>
<status status="PASS" starttime="20210813 12:10:37.480" endtime="20210813 12:10:37.506"></status>
</kw>
<status status="PASS" starttime="20210813 12:10:37.478" endtime="20210813 12:10:37.507"></status>
</kw>
<status status="PASS" starttime="20210813 12:10:36.111" endtime="20210813 12:10:37.507"></status>
</kw>
<status status="PASS" starttime="20210813 12:10:36.109" endtime="20210813 12:10:37.508" critical="yes"></status>
</test>
<test id="s1-s1-t2" name="Right user wrong pass">
<kw name="invalid login">
<arguments>
<arg>admin@yourstore.com</arg>
<arg>password</arg>
</arguments>
<kw name="input username" library="resource">
<arguments>
<arg>${username}</arg>
</arguments>
<kw name="Input Text" library="SeleniumLibrary">
<doc>Types the given ``text`` into the text field identified by ``locator``.</doc>
<arguments>
<arg>id=Email</arg>
<arg>${username}</arg>
</arguments>
<msg timestamp="20210813 12:10:37.516" level="INFO">Typing text 'admin@yourstore.com' into text field 'id=Email'.</msg>
<status status="PASS" starttime="20210813 12:10:37.515" endtime="20210813 12:10:37.569"></status>
</kw>
<status status="PASS" starttime="20210813 12:10:37.513" endtime="20210813 12:10:37.569"></status>
</kw>
<kw name="input pwd" library="resource">
<arguments>
<arg>${password}</arg>
</arguments>
<kw name="Input Text" library="SeleniumLibrary">
<doc>Types the given ``text`` into the text field identified by ``locator``.</doc>
<arguments>
<arg>id=Password</arg>
<arg>${password}</arg>
</arguments>
<msg timestamp="20210813 12:10:37.571" level="INFO">Typing text 'password' into text field 'id=Password'.</msg>
<status status="PASS" starttime="20210813 12:10:37.570" endtime="20210813 12:10:37.616"></status>
</kw>
<status status="PASS" starttime="20210813 12:10:37.569" endtime="20210813 12:10:37.617"></status>
</kw>
<kw name="click login" library="resource">
<kw name="Click Element" library="SeleniumLibrary">
<doc>Click the element identified by ``locator``.</doc>
<arguments>
<arg>xpath=//button[contains(text(),'Log in')]</arg>
</arguments>
<msg timestamp="20210813 12:10:37.618" level="INFO">Clicking element 'xpath=//button[contains(text(),'Log in')]'.</msg>
<status status="PASS" starttime="20210813 12:10:37.618" endtime="20210813 12:10:38.672"></status>
</kw>
<status status="PASS" starttime="20210813 12:10:37.617" endtime="20210813 12:10:38.673"></status>
</kw>
<kw name="error message should be visible" library="resource">
<kw name="Page Should Contain" library="SeleniumLibrary">
<doc>Verifies that current page contains ``text``.</doc>
<arguments>
<arg>Login was unsuccessful</arg>
</arguments>
<msg timestamp="20210813 12:10:38.711" level="INFO">Current page contains text 'Login was unsuccessful'.</msg>
<status status="PASS" starttime="20210813 12:10:38.675" endtime="20210813 12:10:38.712"></status>
</kw>
<status status="PASS" starttime="20210813 12:10:38.674" endtime="20210813 12:10:38.712"></status>
</kw>
<status status="PASS" starttime="20210813 12:10:37.512" endtime="20210813 12:10:38.713"></status>
</kw>
<status status="PASS" starttime="20210813 12:10:37.509" endtime="20210813 12:10:38.714" critical="yes"></status>
</test>
<test id="s1-s1-t3" name="Rigth user right pass">
<kw name="invalid login">
<arguments>
<arg>admin@yourstore.com</arg>
<arg>admin</arg>
</arguments>
<kw name="input username" library="resource">
<arguments>
<arg>${username}</arg>
</arguments>
<kw name="Input Text" library="SeleniumLibrary">
<doc>Types the given ``text`` into the text field identified by ``locator``.</doc>
<arguments>
<arg>id=Email</arg>
<arg>${username}</arg>
</arguments>
<msg timestamp="20210813 12:10:38.721" level="INFO">Typing text 'admin@yourstore.com' into text field 'id=Email'.</msg>
<status status="PASS" starttime="20210813 12:10:38.720" endtime="20210813 12:10:38.771"></status>
</kw>
<status status="PASS" starttime="20210813 12:10:38.719" endtime="20210813 12:10:38.772"></status>
</kw>
<kw name="input pwd" library="resource">
<arguments>
<arg>${password}</arg>
</arguments>
<kw name="Input Text" library="SeleniumLibrary">
<doc>Types the given ``text`` into the text field identified by ``locator``.</doc>
<arguments>
<arg>id=Password</arg>
<arg>${password}</arg>
</arguments>
<msg timestamp="20210813 12:10:38.773" level="INFO">Typing text 'admin' into text field 'id=Password'.</msg>
<status status="PASS" starttime="20210813 12:10:38.773" endtime="20210813 12:10:38.808"></status>
</kw>
<status status="PASS" starttime="20210813 12:10:38.772" endtime="20210813 12:10:38.808"></status>
</kw>
<kw name="click login" library="resource">
<kw name="Click Element" library="SeleniumLibrary">
<doc>Click the element identified by ``locator``.</doc>
<arguments>
<arg>xpath=//button[contains(text(),'Log in')]</arg>
</arguments>
<msg timestamp="20210813 12:10:38.810" level="INFO">Clicking element 'xpath=//button[contains(text(),'Log in')]'.</msg>
<status status="PASS" starttime="20210813 12:10:38.809" endtime="20210813 12:10:43.407"></status>
</kw>
<status status="PASS" starttime="20210813 12:10:38.808" endtime="20210813 12:10:43.407"></status>
</kw>
<kw name="error message should be visible" library="resource">
<kw name="Page Should Contain" library="SeleniumLibrary">
<doc>Verifies that current page contains ``text``.</doc>
<arguments>
<arg>Login was unsuccessful</arg>
</arguments>
<kw name="Capture Page Screenshot" library="SeleniumLibrary">
<doc>Takes a screenshot of the current page and embeds it into a log file.</doc>
<msg timestamp="20210813 12:10:45.497" level="INFO" html="yes">&lt;/td&gt;&lt;/tr&gt;&lt;tr&gt;&lt;td colspan="3"&gt;&lt;a href="selenium-screenshot-1.png"&gt;&lt;img src="selenium-screenshot-1.png" width="800px"&gt;&lt;/a&gt;</msg>
<status status="PASS" starttime="20210813 12:10:44.652" endtime="20210813 12:10:45.498"></status>
</kw>
<msg timestamp="20210813 12:10:45.501" level="FAIL">Page should have contained text 'Login was unsuccessful' but did not.</msg>
<status status="FAIL" starttime="20210813 12:10:43.409" endtime="20210813 12:10:45.502"></status>
</kw>
<status status="FAIL" starttime="20210813 12:10:43.408" endtime="20210813 12:10:45.502"></status>
</kw>
<status status="FAIL" starttime="20210813 12:10:38.717" endtime="20210813 12:10:45.503"></status>
</kw>
<status status="FAIL" starttime="20210813 12:10:38.716" endtime="20210813 12:10:45.504" critical="yes">Page should have contained text 'Login was unsuccessful' but did not.</status>
</test>
<kw name="tutup browser" library="resource" type="teardown">
<kw name="Close All Browsers" library="SeleniumLibrary">
<doc>Closes all open browsers and resets the browser cache.</doc>
<status status="PASS" starttime="20210813 12:10:45.508" endtime="20210813 12:10:47.173"></status>
</kw>
<status status="PASS" starttime="20210813 12:10:45.507" endtime="20210813 12:10:47.174"></status>
</kw>
<status status="FAIL" starttime="20210813 12:10:26.504" endtime="20210813 12:10:47.174"></status>
</suite>
<status status="FAIL" starttime="20210813 12:10:26.462" endtime="20210813 12:10:47.183"></status>
</suite>
<statistics>
<total>
<stat pass="2" fail="1">Critical Tests</stat>
<stat pass="2" fail="1">All Tests</stat>
</total>
<tag>
</tag>
<suite>
<stat pass="2" fail="1" id="s1" name="Suites">Suites</stat>
<stat pass="2" fail="1" id="s1-s1" name="DDT">Suites.DDT</stat>
</suite>
</statistics>
<errors>
</errors>
</robot>
