<?xml version="1.0" encoding="UTF-8"?>
<robot generator="Robot 3.2.2 (Python 3.7.7 on win32)" generated="20210813 12:41:04.285" rpa="false">
<suite id="s1" name="Robottutorial" source="C:\Users\dennypc\eclipse-workspace\robottutorial">
<suite id="s1-s1" name="Testcaselocator" source="C:\Users\dennypc\eclipse-workspace\robottutorial\testcaselocator.robot">
<kw name="buka browser" library="cobalocator" type="setup">
<kw name="Open Browser" library="SeleniumLibrary">
<doc>Opens a new browser instance to the optional ``url``.</doc>
<arguments>
<arg>${login_url}</arg>
<arg>${browser}</arg>
</arguments>
<msg timestamp="20210813 12:41:07.907" level="INFO">Opening browser 'headlessfirefox' to base url 'https://admin-demo.nopcommerce.com'.</msg>
<msg timestamp="20210813 12:41:07.919" level="INFO">Firefox driver log is always forced to to: C:\Users\dennypc\eclipse-workspace\robottutorial\geckodriver-24.log</msg>
<status status="PASS" starttime="20210813 12:41:07.906" endtime="20210813 12:41:17.951"></status>
</kw>
<kw name="Maximize Browser Window" library="SeleniumLibrary">
<doc>Maximizes current browser window.</doc>
<status status="PASS" starttime="20210813 12:41:17.952" endtime="20210813 12:41:17.965"></status>
</kw>
<status status="PASS" starttime="20210813 12:41:07.900" endtime="20210813 12:41:17.966"></status>
</kw>
<test id="s1-s1-t1" name="LoginTestWithExcel using admin@yourstore.com and adm">
<kw name="invalid login">
<arguments>
<arg>admin@yourstore.com</arg>
<arg>adm</arg>
</arguments>
<kw name="input username" library="cobalocator">
<arguments>
<arg>${username}</arg>
</arguments>
<kw name="Input Text" library="SeleniumLibrary">
<doc>Types the given ``text`` into the text field identified by ``locator``.</doc>
<arguments>
<arg>${txt_email}</arg>
<arg>${username}</arg>
</arguments>
<msg timestamp="20210813 12:41:17.975" level="INFO">Typing text 'admin@yourstore.com' into text field 'id=Email'.</msg>
<status status="PASS" starttime="20210813 12:41:17.974" endtime="20210813 12:41:18.081"></status>
</kw>
<status status="PASS" starttime="20210813 12:41:17.972" endtime="20210813 12:41:18.082"></status>
</kw>
<kw name="input pwd" library="cobalocator">
<arguments>
<arg>${password}</arg>
</arguments>
<kw name="Input Text" library="SeleniumLibrary">
<doc>Types the given ``text`` into the text field identified by ``locator``.</doc>
<arguments>
<arg>${txt_password}</arg>
<arg>${password}</arg>
</arguments>
<msg timestamp="20210813 12:41:18.085" level="INFO">Typing text 'adm' into text field 'id=Password'.</msg>
<status status="PASS" starttime="20210813 12:41:18.084" endtime="20210813 12:41:18.131"></status>
</kw>
<status status="PASS" starttime="20210813 12:41:18.083" endtime="20210813 12:41:18.132"></status>
</kw>
<kw name="click login" library="cobalocator">
<kw name="Click Element" library="SeleniumLibrary">
<doc>Click the element identified by ``locator``.</doc>
<arguments>
<arg>${btn_sign}</arg>
</arguments>
<msg timestamp="20210813 12:41:18.133" level="INFO">Clicking element 'xpath=//button[contains(text(),'Log in')]'.</msg>
<status status="PASS" starttime="20210813 12:41:18.133" endtime="20210813 12:41:18.615"></status>
</kw>
<status status="PASS" starttime="20210813 12:41:18.132" endtime="20210813 12:41:18.616"></status>
</kw>
<kw name="error message should be visible" library="cobalocator">
<kw name="Page Should Contain" library="SeleniumLibrary">
<doc>Verifies that current page contains ``text``.</doc>
<arguments>
<arg>Login was unsuccessful</arg>
</arguments>
<msg timestamp="20210813 12:41:18.638" level="INFO">Current page contains text 'Login was unsuccessful'.</msg>
<status status="PASS" starttime="20210813 12:41:18.618" endtime="20210813 12:41:18.638"></status>
</kw>
<status status="PASS" starttime="20210813 12:41:18.617" endtime="20210813 12:41:18.639"></status>
</kw>
<status status="PASS" starttime="20210813 12:41:17.971" endtime="20210813 12:41:18.640"></status>
</kw>
<status status="PASS" starttime="20210813 12:41:17.966" endtime="20210813 12:41:18.641" critical="yes"></status>
</test>
<test id="s1-s1-t2" name="LoginTestWithExcel using adm@yourstore.com and admin">
<kw name="invalid login">
<arguments>
<arg>adm@yourstore.com</arg>
<arg>admin</arg>
</arguments>
<kw name="input username" library="cobalocator">
<arguments>
<arg>${username}</arg>
</arguments>
<kw name="Input Text" library="SeleniumLibrary">
<doc>Types the given ``text`` into the text field identified by ``locator``.</doc>
<arguments>
<arg>${txt_email}</arg>
<arg>${username}</arg>
</arguments>
<msg timestamp="20210813 12:41:18.649" level="INFO">Typing text 'adm@yourstore.com' into text field 'id=Email'.</msg>
<status status="PASS" starttime="20210813 12:41:18.649" endtime="20210813 12:41:18.686"></status>
</kw>
<status status="PASS" starttime="20210813 12:41:18.648" endtime="20210813 12:41:18.686"></status>
</kw>
<kw name="input pwd" library="cobalocator">
<arguments>
<arg>${password}</arg>
</arguments>
<kw name="Input Text" library="SeleniumLibrary">
<doc>Types the given ``text`` into the text field identified by ``locator``.</doc>
<arguments>
<arg>${txt_password}</arg>
<arg>${password}</arg>
</arguments>
<msg timestamp="20210813 12:41:18.689" level="INFO">Typing text 'admin' into text field 'id=Password'.</msg>
<status status="PASS" starttime="20210813 12:41:18.688" endtime="20210813 12:41:18.726"></status>
</kw>
<status status="PASS" starttime="20210813 12:41:18.686" endtime="20210813 12:41:18.727"></status>
</kw>
<kw name="click login" library="cobalocator">
<kw name="Click Element" library="SeleniumLibrary">
<doc>Click the element identified by ``locator``.</doc>
<arguments>
<arg>${btn_sign}</arg>
</arguments>
<msg timestamp="20210813 12:41:18.728" level="INFO">Clicking element 'xpath=//button[contains(text(),'Log in')]'.</msg>
<status status="PASS" starttime="20210813 12:41:18.728" endtime="20210813 12:41:19.807"></status>
</kw>
<status status="PASS" starttime="20210813 12:41:18.727" endtime="20210813 12:41:19.808"></status>
</kw>
<kw name="error message should be visible" library="cobalocator">
<kw name="Page Should Contain" library="SeleniumLibrary">
<doc>Verifies that current page contains ``text``.</doc>
<arguments>
<arg>Login was unsuccessful</arg>
</arguments>
<msg timestamp="20210813 12:41:19.837" level="INFO">Current page contains text 'Login was unsuccessful'.</msg>
<status status="PASS" starttime="20210813 12:41:19.811" endtime="20210813 12:41:19.838"></status>
</kw>
<status status="PASS" starttime="20210813 12:41:19.809" endtime="20210813 12:41:19.838"></status>
</kw>
<status status="PASS" starttime="20210813 12:41:18.647" endtime="20210813 12:41:19.839"></status>
</kw>
<status status="PASS" starttime="20210813 12:41:18.643" endtime="20210813 12:41:19.839" critical="yes"></status>
</test>
<test id="s1-s1-t3" name="LoginTestWithExcel using adm@yourstore.com and adm">
<kw name="invalid login">
<arguments>
<arg>adm@yourstore.com</arg>
<arg>adm</arg>
</arguments>
<kw name="input username" library="cobalocator">
<arguments>
<arg>${username}</arg>
</arguments>
<kw name="Input Text" library="SeleniumLibrary">
<doc>Types the given ``text`` into the text field identified by ``locator``.</doc>
<arguments>
<arg>${txt_email}</arg>
<arg>${username}</arg>
</arguments>
<msg timestamp="20210813 12:41:19.846" level="INFO">Typing text 'adm@yourstore.com' into text field 'id=Email'.</msg>
<status status="PASS" starttime="20210813 12:41:19.846" endtime="20210813 12:41:19.884"></status>
</kw>
<status status="PASS" starttime="20210813 12:41:19.845" endtime="20210813 12:41:19.885"></status>
</kw>
<kw name="input pwd" library="cobalocator">
<arguments>
<arg>${password}</arg>
</arguments>
<kw name="Input Text" library="SeleniumLibrary">
<doc>Types the given ``text`` into the text field identified by ``locator``.</doc>
<arguments>
<arg>${txt_password}</arg>
<arg>${password}</arg>
</arguments>
<msg timestamp="20210813 12:41:19.886" level="INFO">Typing text 'adm' into text field 'id=Password'.</msg>
<status status="PASS" starttime="20210813 12:41:19.886" endtime="20210813 12:41:19.919"></status>
</kw>
<status status="PASS" starttime="20210813 12:41:19.885" endtime="20210813 12:41:19.920"></status>
</kw>
<kw name="click login" library="cobalocator">
<kw name="Click Element" library="SeleniumLibrary">
<doc>Click the element identified by ``locator``.</doc>
<arguments>
<arg>${btn_sign}</arg>
</arguments>
<msg timestamp="20210813 12:41:19.921" level="INFO">Clicking element 'xpath=//button[contains(text(),'Log in')]'.</msg>
<status status="PASS" starttime="20210813 12:41:19.921" endtime="20210813 12:41:21.007"></status>
</kw>
<status status="PASS" starttime="20210813 12:41:19.920" endtime="20210813 12:41:21.008"></status>
</kw>
<kw name="error message should be visible" library="cobalocator">
<kw name="Page Should Contain" library="SeleniumLibrary">
<doc>Verifies that current page contains ``text``.</doc>
<arguments>
<arg>Login was unsuccessful</arg>
</arguments>
<msg timestamp="20210813 12:41:21.041" level="INFO">Current page contains text 'Login was unsuccessful'.</msg>
<status status="PASS" starttime="20210813 12:41:21.011" endtime="20210813 12:41:21.042"></status>
</kw>
<status status="PASS" starttime="20210813 12:41:21.009" endtime="20210813 12:41:21.042"></status>
</kw>
<status status="PASS" starttime="20210813 12:41:19.844" endtime="20210813 12:41:21.043"></status>
</kw>
<status status="PASS" starttime="20210813 12:41:19.840" endtime="20210813 12:41:21.044" critical="yes"></status>
</test>
<kw name="tutup browser" library="cobalocator" type="teardown">
<kw name="Close All Browsers" library="SeleniumLibrary">
<doc>Closes all open browsers and resets the browser cache.</doc>
<status status="PASS" starttime="20210813 12:41:21.048" endtime="20210813 12:41:21.888"></status>
</kw>
<status status="PASS" starttime="20210813 12:41:21.047" endtime="20210813 12:41:21.888"></status>
</kw>
<status status="PASS" starttime="20210813 12:41:04.457" endtime="20210813 12:41:21.888"></status>
</suite>
<status status="PASS" starttime="20210813 12:41:04.399" endtime="20210813 12:41:21.896"></status>
</suite>
<statistics>
<total>
<stat pass="3" fail="0">Critical Tests</stat>
<stat pass="3" fail="0">All Tests</stat>
</total>
<tag>
</tag>
<suite>
<stat pass="3" fail="0" id="s1" name="Robottutorial">Robottutorial</stat>
<stat pass="3" fail="0" id="s1-s1" name="Testcaselocator">Robottutorial.Testcaselocator</stat>
</suite>
</statistics>
<errors>
</errors>
</robot>
