<?xml version="1.0" encoding="UTF-8"?>
<robot generator="Robot 3.1.2 (Python 3.7.7 on win32)" generated="20210802 12:09:35.776" rpa="false">
<suite id="s1" name="Robot" source="C:\Users\dennypc\eclipse-workspace\cobappium\robot.robot">
<test id="s1-t1" name="buka aplikasi">
<kw name="Open Application" library="AppiumLibrary">
<doc>Opens a new application to given Appium server.
Capabilities of appium server, Android and iOS,
Please check https://github.com/appium/appium/blob/master/docs/en/writing-running-appium/server-args.md
| *Option*            | *Man.* | *Description*     |
| remote_url          | Yes    | Appium server url |
| alias               | no     | alias             |</doc>
<arguments>
<arg>http://localhost:4723/wd/hub</arg>
<arg>alias=Sebangsa</arg>
<arg>platformName=Android</arg>
<arg>platformVersion=10.0.0</arg>
<arg>deviceName=MGMRK19109013419</arg>
<arg>app=${ANDROID_APP}</arg>
</arguments>
<status status="PASS" starttime="20210802 12:09:36.286" endtime="20210802 12:09:51.352"></status>
</kw>
<kw name="Sleep" library="BuiltIn">
<doc>Pauses the test executed for the given time.</doc>
<arguments>
<arg>2</arg>
</arguments>
<msg timestamp="20210802 12:09:53.357" level="INFO">Slept 2 seconds</msg>
<status status="PASS" starttime="20210802 12:09:51.352" endtime="20210802 12:09:53.357"></status>
</kw>
<kw name="Swipe" library="AppiumLibrary">
<doc>Swipe from one point to another point, for an optional duration.</doc>
<arguments>
<arg>968</arg>
<arg>1075</arg>
<arg>134</arg>
<arg>1128</arg>
</arguments>
<status status="PASS" starttime="20210802 12:09:53.358" endtime="20210802 12:09:54.646"></status>
</kw>
<kw name="Sleep" library="BuiltIn">
<doc>Pauses the test executed for the given time.</doc>
<arguments>
<arg>2</arg>
</arguments>
<msg timestamp="20210802 12:09:56.663" level="INFO">Slept 2 seconds</msg>
<status status="PASS" starttime="20210802 12:09:54.647" endtime="20210802 12:09:56.663"></status>
</kw>
<kw name="Click Element" library="AppiumLibrary">
<doc>Click element identified by `locator`.</doc>
<arguments>
<arg>id=com.sebangsa.sebangsa:id/btnLoginSebangsa</arg>
</arguments>
<msg timestamp="20210802 12:09:56.668" level="INFO">Clicking element 'id=com.sebangsa.sebangsa:id/btnLoginSebangsa'.</msg>
<status status="PASS" starttime="20210802 12:09:56.664" endtime="20210802 12:09:56.947"></status>
</kw>
<kw name="Sleep" library="BuiltIn">
<doc>Pauses the test executed for the given time.</doc>
<arguments>
<arg>2</arg>
</arguments>
<msg timestamp="20210802 12:09:58.949" level="INFO">Slept 2 seconds</msg>
<status status="PASS" starttime="20210802 12:09:56.948" endtime="20210802 12:09:58.949"></status>
</kw>
<kw name="Generate Random String" library="String">
<doc>Generates a string with a desired ``length`` from the given ``chars``.</doc>
<arguments>
<arg>10</arg>
<arg>[LETTERS]</arg>
</arguments>
<assign>
<var>${username}</var>
</assign>
<msg timestamp="20210802 12:09:58.951" level="INFO">${username} = AcjmeGdpgI</msg>
<status status="PASS" starttime="20210802 12:09:58.950" endtime="20210802 12:09:58.951"></status>
</kw>
<kw name="Input Text" library="AppiumLibrary">
<doc>Types the given `text` into text field identified by `locator`.</doc>
<arguments>
<arg>id=com.sebangsa.sebangsa:id/edLoginUsername</arg>
<arg>${username}</arg>
</arguments>
<msg timestamp="20210802 12:09:58.955" level="INFO">Typing text 'AcjmeGdpgI' into text field 'id=com.sebangsa.sebangsa:id/edLoginUsername'</msg>
<status status="PASS" starttime="20210802 12:09:58.952" endtime="20210802 12:09:59.241"></status>
</kw>
<kw name="Sleep" library="BuiltIn">
<doc>Pauses the test executed for the given time.</doc>
<arguments>
<arg>2</arg>
</arguments>
<msg timestamp="20210802 12:10:01.256" level="INFO">Slept 2 seconds</msg>
<status status="PASS" starttime="20210802 12:09:59.241" endtime="20210802 12:10:01.256"></status>
</kw>
<kw name="Input Text" library="AppiumLibrary">
<doc>Types the given `text` into text field identified by `locator`.</doc>
<arguments>
<arg>id=com.sebangsa.sebangsa:id/edLoginPasswd</arg>
<arg>123456</arg>
</arguments>
<msg timestamp="20210802 12:10:01.261" level="INFO">Typing text '123456' into text field 'id=com.sebangsa.sebangsa:id/edLoginPasswd'</msg>
<status status="PASS" starttime="20210802 12:10:01.257" endtime="20210802 12:10:01.436"></status>
</kw>
<kw name="Sleep" library="BuiltIn">
<doc>Pauses the test executed for the given time.</doc>
<arguments>
<arg>2</arg>
</arguments>
<msg timestamp="20210802 12:10:03.449" level="INFO">Slept 2 seconds</msg>
<status status="PASS" starttime="20210802 12:10:01.437" endtime="20210802 12:10:03.449"></status>
</kw>
<kw name="Click Element" library="AppiumLibrary">
<doc>Click element identified by `locator`.</doc>
<arguments>
<arg>id=com.sebangsa.sebangsa:id/btnLoginLogin</arg>
</arguments>
<msg timestamp="20210802 12:10:03.453" level="INFO">Clicking element 'id=com.sebangsa.sebangsa:id/btnLoginLogin'.</msg>
<status status="PASS" starttime="20210802 12:10:03.450" endtime="20210802 12:10:03.612"></status>
</kw>
<kw name="Sleep" library="BuiltIn">
<doc>Pauses the test executed for the given time.</doc>
<arguments>
<arg>3</arg>
</arguments>
<msg timestamp="20210802 12:10:06.619" level="INFO">Slept 3 seconds</msg>
<status status="PASS" starttime="20210802 12:10:03.613" endtime="20210802 12:10:06.619"></status>
</kw>
<kw name="Close Application" library="AppiumLibrary">
<doc>Closes the current application and also close webdriver session.</doc>
<status status="PASS" starttime="20210802 12:10:06.620" endtime="20210802 12:10:07.254"></status>
</kw>
<status status="PASS" starttime="20210802 12:09:36.285" endtime="20210802 12:10:07.255" critical="yes"></status>
</test>
<status status="PASS" starttime="20210802 12:09:35.779" endtime="20210802 12:10:07.256"></status>
</suite>
<statistics>
<total>
<stat pass="1" fail="0">Critical Tests</stat>
<stat pass="1" fail="0">All Tests</stat>
</total>
<tag>
</tag>
<suite>
<stat pass="1" fail="0" id="s1" name="Robot">Robot</stat>
</suite>
</statistics>
<errors>
</errors>
</robot>
