<?xml version="1.0" encoding="UTF-8"?>
<robot generator="Robot 3.2.2 (Python 3.7.7 on win32)" generated="20210813 12:10:26.452" rpa="false">
<suite id="s1" name="Suites">
<suite id="s1-s1" name="DDT Excel" source="C:\Users\dennypc\eclipse-workspace\robottutorial\DDT_Excel.robot">
<kw name="buka browser" library="resource" type="setup">
<kw name="Open Browser" library="SeleniumLibrary">
<doc>Opens a new browser instance to the optional ``url``.</doc>
<arguments>
<arg>${login_url}</arg>
<arg>${browser}</arg>
</arguments>
<msg timestamp="20210813 12:10:28.343" level="INFO">Opening browser 'headlessfirefox' to base url 'https://admin-demo.nopcommerce.com'.</msg>
<msg timestamp="20210813 12:10:28.344" level="INFO">Firefox driver log is always forced to to: C:\Users\dennypc\eclipse-workspace\robottutorial\pabot_results\1\geckodriver-1.log</msg>
<status status="PASS" starttime="20210813 12:10:28.342" endtime="20210813 12:10:38.035"></status>
</kw>
<kw name="Maximize Browser Window" library="SeleniumLibrary">
<doc>Maximizes current browser window.</doc>
<status status="PASS" starttime="20210813 12:10:38.035" endtime="20210813 12:10:38.054"></status>
</kw>
<status status="PASS" starttime="20210813 12:10:28.341" endtime="20210813 12:10:38.054"></status>
</kw>
<test id="s1-s1-t1" name="LoginTestWithExcel using admin@yourstore.com and adm">
<kw name="invalid login">
<arguments>
<arg>admin@yourstore.com</arg>
<arg>adm</arg>
</arguments>
<kw name="input username" library="resource">
<arguments>
<arg>${username}</arg>
</arguments>
<kw name="Input Text" library="SeleniumLibrary">
<doc>Types the given ``text`` into the text field identified by ``locator``.</doc>
<arguments>
<arg>id=Email</arg>
<arg>${username}</arg>
</arguments>
<msg timestamp="20210813 12:10:38.060" level="INFO">Typing text 'admin@yourstore.com' into text field 'id=Email'.</msg>
<status status="PASS" starttime="20210813 12:10:38.059" endtime="20210813 12:10:38.145"></status>
</kw>
<status status="PASS" starttime="20210813 12:10:38.059" endtime="20210813 12:10:38.146"></status>
</kw>
<kw name="input pwd" library="resource">
<arguments>
<arg>${password}</arg>
</arguments>
<kw name="Input Text" library="SeleniumLibrary">
<doc>Types the given ``text`` into the text field identified by ``locator``.</doc>
<arguments>
<arg>id=Password</arg>
<arg>${password}</arg>
</arguments>
<msg timestamp="20210813 12:10:38.150" level="INFO">Typing text 'adm' into text field 'id=Password'.</msg>
<status status="PASS" starttime="20210813 12:10:38.148" endtime="20210813 12:10:38.195"></status>
</kw>
<status status="PASS" starttime="20210813 12:10:38.147" endtime="20210813 12:10:38.195"></status>
</kw>
<kw name="click login" library="resource">
<kw name="Click Element" library="SeleniumLibrary">
<doc>Click the element identified by ``locator``.</doc>
<arguments>
<arg>xpath=//button[contains(text(),'Log in')]</arg>
</arguments>
<msg timestamp="20210813 12:10:38.198" level="INFO">Clicking element 'xpath=//button[contains(text(),'Log in')]'.</msg>
<status status="PASS" starttime="20210813 12:10:38.197" endtime="20210813 12:10:39.305"></status>
</kw>
<status status="PASS" starttime="20210813 12:10:38.196" endtime="20210813 12:10:39.306"></status>
</kw>
<kw name="error message should be visible" library="resource">
<kw name="Page Should Contain" library="SeleniumLibrary">
<doc>Verifies that current page contains ``text``.</doc>
<arguments>
<arg>Login was unsuccessful</arg>
</arguments>
<msg timestamp="20210813 12:10:39.341" level="INFO">Current page contains text 'Login was unsuccessful'.</msg>
<status status="PASS" starttime="20210813 12:10:39.308" endtime="20210813 12:10:39.341"></status>
</kw>
<status status="PASS" starttime="20210813 12:10:39.306" endtime="20210813 12:10:39.341"></status>
</kw>
<status status="PASS" starttime="20210813 12:10:38.058" endtime="20210813 12:10:39.342"></status>
</kw>
<status status="PASS" starttime="20210813 12:10:38.054" endtime="20210813 12:10:39.342" critical="yes"></status>
</test>
<test id="s1-s1-t2" name="LoginTestWithExcel using adm@yourstore.com and admin">
<kw name="invalid login">
<arguments>
<arg>adm@yourstore.com</arg>
<arg>admin</arg>
</arguments>
<kw name="input username" library="resource">
<arguments>
<arg>${username}</arg>
</arguments>
<kw name="Input Text" library="SeleniumLibrary">
<doc>Types the given ``text`` into the text field identified by ``locator``.</doc>
<arguments>
<arg>id=Email</arg>
<arg>${username}</arg>
</arguments>
<msg timestamp="20210813 12:10:39.354" level="INFO">Typing text 'adm@yourstore.com' into text field 'id=Email'.</msg>
<status status="PASS" starttime="20210813 12:10:39.354" endtime="20210813 12:10:39.398"></status>
</kw>
<status status="PASS" starttime="20210813 12:10:39.353" endtime="20210813 12:10:39.399"></status>
</kw>
<kw name="input pwd" library="resource">
<arguments>
<arg>${password}</arg>
</arguments>
<kw name="Input Text" library="SeleniumLibrary">
<doc>Types the given ``text`` into the text field identified by ``locator``.</doc>
<arguments>
<arg>id=Password</arg>
<arg>${password}</arg>
</arguments>
<msg timestamp="20210813 12:10:39.402" level="INFO">Typing text 'admin' into text field 'id=Password'.</msg>
<status status="PASS" starttime="20210813 12:10:39.401" endtime="20210813 12:10:39.443"></status>
</kw>
<status status="PASS" starttime="20210813 12:10:39.400" endtime="20210813 12:10:39.443"></status>
</kw>
<kw name="click login" library="resource">
<kw name="Click Element" library="SeleniumLibrary">
<doc>Click the element identified by ``locator``.</doc>
<arguments>
<arg>xpath=//button[contains(text(),'Log in')]</arg>
</arguments>
<msg timestamp="20210813 12:10:39.444" level="INFO">Clicking element 'xpath=//button[contains(text(),'Log in')]'.</msg>
<status status="PASS" starttime="20210813 12:10:39.444" endtime="20210813 12:10:40.570"></status>
</kw>
<status status="PASS" starttime="20210813 12:10:39.443" endtime="20210813 12:10:40.570"></status>
</kw>
<kw name="error message should be visible" library="resource">
<kw name="Page Should Contain" library="SeleniumLibrary">
<doc>Verifies that current page contains ``text``.</doc>
<arguments>
<arg>Login was unsuccessful</arg>
</arguments>
<msg timestamp="20210813 12:10:40.597" level="INFO">Current page contains text 'Login was unsuccessful'.</msg>
<status status="PASS" starttime="20210813 12:10:40.572" endtime="20210813 12:10:40.597"></status>
</kw>
<status status="PASS" starttime="20210813 12:10:40.571" endtime="20210813 12:10:40.597"></status>
</kw>
<status status="PASS" starttime="20210813 12:10:39.351" endtime="20210813 12:10:40.598"></status>
</kw>
<status status="PASS" starttime="20210813 12:10:39.343" endtime="20210813 12:10:40.598" critical="yes"></status>
</test>
<test id="s1-s1-t3" name="LoginTestWithExcel using adm@yourstore.com and adm">
<kw name="invalid login">
<arguments>
<arg>adm@yourstore.com</arg>
<arg>adm</arg>
</arguments>
<kw name="input username" library="resource">
<arguments>
<arg>${username}</arg>
</arguments>
<kw name="Input Text" library="SeleniumLibrary">
<doc>Types the given ``text`` into the text field identified by ``locator``.</doc>
<arguments>
<arg>id=Email</arg>
<arg>${username}</arg>
</arguments>
<msg timestamp="20210813 12:10:40.606" level="INFO">Typing text 'adm@yourstore.com' into text field 'id=Email'.</msg>
<status status="PASS" starttime="20210813 12:10:40.605" endtime="20210813 12:10:40.656"></status>
</kw>
<status status="PASS" starttime="20210813 12:10:40.604" endtime="20210813 12:10:40.657"></status>
</kw>
<kw name="input pwd" library="resource">
<arguments>
<arg>${password}</arg>
</arguments>
<kw name="Input Text" library="SeleniumLibrary">
<doc>Types the given ``text`` into the text field identified by ``locator``.</doc>
<arguments>
<arg>id=Password</arg>
<arg>${password}</arg>
</arguments>
<msg timestamp="20210813 12:10:40.659" level="INFO">Typing text 'adm' into text field 'id=Password'.</msg>
<status status="PASS" starttime="20210813 12:10:40.658" endtime="20210813 12:10:40.695"></status>
</kw>
<status status="PASS" starttime="20210813 12:10:40.657" endtime="20210813 12:10:40.696"></status>
</kw>
<kw name="click login" library="resource">
<kw name="Click Element" library="SeleniumLibrary">
<doc>Click the element identified by ``locator``.</doc>
<arguments>
<arg>xpath=//button[contains(text(),'Log in')]</arg>
</arguments>
<msg timestamp="20210813 12:10:40.697" level="INFO">Clicking element 'xpath=//button[contains(text(),'Log in')]'.</msg>
<status status="PASS" starttime="20210813 12:10:40.697" endtime="20210813 12:10:41.162"></status>
</kw>
<status status="PASS" starttime="20210813 12:10:40.696" endtime="20210813 12:10:41.163"></status>
</kw>
<kw name="error message should be visible" library="resource">
<kw name="Page Should Contain" library="SeleniumLibrary">
<doc>Verifies that current page contains ``text``.</doc>
<arguments>
<arg>Login was unsuccessful</arg>
</arguments>
<msg timestamp="20210813 12:10:41.187" level="INFO">Current page contains text 'Login was unsuccessful'.</msg>
<status status="PASS" starttime="20210813 12:10:41.164" endtime="20210813 12:10:41.188"></status>
</kw>
<status status="PASS" starttime="20210813 12:10:41.163" endtime="20210813 12:10:41.189"></status>
</kw>
<status status="PASS" starttime="20210813 12:10:40.602" endtime="20210813 12:10:41.189"></status>
</kw>
<status status="PASS" starttime="20210813 12:10:40.599" endtime="20210813 12:10:41.190" critical="yes"></status>
</test>
<kw name="tutup browser" library="resource" type="teardown">
<kw name="Close All Browsers" library="SeleniumLibrary">
<doc>Closes all open browsers and resets the browser cache.</doc>
<status status="PASS" starttime="20210813 12:10:41.194" endtime="20210813 12:10:44.343"></status>
</kw>
<status status="PASS" starttime="20210813 12:10:41.193" endtime="20210813 12:10:44.343"></status>
</kw>
<status status="PASS" starttime="20210813 12:10:26.505" endtime="20210813 12:10:44.344"></status>
</suite>
<status status="PASS" starttime="20210813 12:10:26.463" endtime="20210813 12:10:44.350"></status>
</suite>
<statistics>
<total>
<stat pass="3" fail="0">Critical Tests</stat>
<stat pass="3" fail="0">All Tests</stat>
</total>
<tag>
</tag>
<suite>
<stat pass="3" fail="0" id="s1" name="Suites">Suites</stat>
<stat pass="3" fail="0" id="s1-s1" name="DDT Excel">Suites.DDT Excel</stat>
</suite>
</statistics>
<errors>
</errors>
</robot>
