<?xml version="1.0" encoding="UTF-8"?>
<robot generator="Robot 3.2.2 (Python 3.7.7 on win32)" generated="20210813 12:10:45.354" rpa="false">
<suite id="s1" name="Suites">
<suite id="s1-s1" name="Getlinkcount" source="C:\Users\dennypc\eclipse-workspace\robottutorial\getlinkcount.robot">
<test id="s1-s1-t1" name="getlinktext">
<kw name="Open Browser" library="SeleniumLibrary">
<doc>Opens a new browser instance to the optional ``url``.</doc>
<arguments>
<arg>https://twitter.com/</arg>
<arg>headlessfirefox</arg>
</arguments>
<msg timestamp="20210813 12:10:46.029" level="INFO">Opening browser 'headlessfirefox' to base url 'https://twitter.com/'.</msg>
<msg timestamp="20210813 12:10:46.031" level="INFO">Firefox driver log is always forced to to: C:\Users\dennypc\eclipse-workspace\robottutorial\pabot_results\2\geckodriver-1.log</msg>
<status status="PASS" starttime="20210813 12:10:46.028" endtime="20210813 12:11:07.085"></status>
</kw>
<kw name="Maximize Browser Window" library="SeleniumLibrary">
<doc>Maximizes current browser window.</doc>
<status status="PASS" starttime="20210813 12:11:07.086" endtime="20210813 12:11:07.091"></status>
</kw>
<kw name="Get Element Count" library="SeleniumLibrary">
<doc>Returns the number of elements matching ``locator``.</doc>
<arguments>
<arg>xpath=//a</arg>
</arguments>
<assign>
<var>${alllinkcount}</var>
</assign>
<msg timestamp="20210813 12:11:07.352" level="INFO">${alllinkcount} = 0</msg>
<status status="PASS" starttime="20210813 12:11:07.092" endtime="20210813 12:11:07.352"></status>
</kw>
<kw name="Log To Console" library="BuiltIn">
<doc>Logs the given message to the console.</doc>
<arguments>
<arg>${alllinkcount}</arg>
</arguments>
<status status="PASS" starttime="20210813 12:11:07.353" endtime="20210813 12:11:07.355"></status>
</kw>
<kw name="Create List" library="BuiltIn">
<doc>Returns a list containing given items.</doc>
<assign>
<var>@{linkitems}</var>
</assign>
<msg timestamp="20210813 12:11:07.357" level="INFO">@{linkitems} = [ ]</msg>
<status status="PASS" starttime="20210813 12:11:07.356" endtime="20210813 12:11:07.357"></status>
</kw>
<kw name="${i} IN RANGE [ 1 | ${alllinkcount} ]" type="for">
<status status="PASS" starttime="20210813 12:11:07.357" endtime="20210813 12:11:07.358"></status>
</kw>
<status status="PASS" starttime="20210813 12:10:46.026" endtime="20210813 12:11:07.359" critical="yes"></status>
</test>
<status status="PASS" starttime="20210813 12:10:45.482" endtime="20210813 12:11:07.361"></status>
</suite>
<status status="PASS" starttime="20210813 12:10:45.380" endtime="20210813 12:11:07.368"></status>
</suite>
<statistics>
<total>
<stat pass="1" fail="0">Critical Tests</stat>
<stat pass="1" fail="0">All Tests</stat>
</total>
<tag>
</tag>
<suite>
<stat pass="1" fail="0" id="s1" name="Suites">Suites</stat>
<stat pass="1" fail="0" id="s1-s1" name="Getlinkcount">Suites.Getlinkcount</stat>
</suite>
</statistics>
<errors>
</errors>
</robot>
