<?xml version="1.0" encoding="UTF-8"?>
<robot generator="Robot 3.2.2 (Python 3.7.7 on win32)" generated="20210813 12:10:49.309" rpa="false">
<suite id="s1" name="Suites">
<suite id="s1-s1" name="Table" source="C:\Users\dennypc\eclipse-workspace\robottutorial\table.robot">
<test id="s1-s1-t1" name="table">
<kw name="Open Browser" library="SeleniumLibrary">
<doc>Opens a new browser instance to the optional ``url``.</doc>
<arguments>
<arg>https://testautomationpractice.blogspot.com/</arg>
<arg>headlessfirefox</arg>
</arguments>
<msg timestamp="20210813 12:10:49.606" level="INFO">Opening browser 'headlessfirefox' to base url 'https://testautomationpractice.blogspot.com/'.</msg>
<msg timestamp="20210813 12:10:49.609" level="INFO">Firefox driver log is always forced to to: C:\Users\dennypc\eclipse-workspace\robottutorial\pabot_results\5\geckodriver-1.log</msg>
<status status="PASS" starttime="20210813 12:10:49.606" endtime="20210813 12:11:15.050"></status>
</kw>
<kw name="Maximize Browser Window" library="SeleniumLibrary">
<doc>Maximizes current browser window.</doc>
<status status="PASS" starttime="20210813 12:11:15.051" endtime="20210813 12:11:15.086"></status>
</kw>
<kw name="Get Element Count" library="SeleniumLibrary">
<doc>Returns the number of elements matching ``locator``.</doc>
<arguments>
<arg>xpath=//table[@name='BookTable']/tbody/tr</arg>
</arguments>
<assign>
<var>${row}</var>
</assign>
<msg timestamp="20210813 12:11:15.132" level="INFO">${row} = 7</msg>
<status status="PASS" starttime="20210813 12:11:15.087" endtime="20210813 12:11:15.133"></status>
</kw>
<kw name="Get Element Count" library="SeleniumLibrary">
<doc>Returns the number of elements matching ``locator``.</doc>
<arguments>
<arg>xpath=//table[@name='BookTable']/tbody/tr[1]/th</arg>
</arguments>
<assign>
<var>${cols}</var>
</assign>
<msg timestamp="20210813 12:11:15.140" level="INFO">${cols} = 4</msg>
<status status="PASS" starttime="20210813 12:11:15.133" endtime="20210813 12:11:15.140"></status>
</kw>
<kw name="Log To Console" library="BuiltIn">
<doc>Logs the given message to the console.</doc>
<arguments>
<arg>${row}</arg>
</arguments>
<status status="PASS" starttime="20210813 12:11:15.141" endtime="20210813 12:11:15.142"></status>
</kw>
<kw name="Log To Console" library="BuiltIn">
<doc>Logs the given message to the console.</doc>
<arguments>
<arg>${cols}</arg>
</arguments>
<status status="PASS" starttime="20210813 12:11:15.143" endtime="20210813 12:11:15.144"></status>
</kw>
<kw name="Get Text" library="SeleniumLibrary">
<doc>Returns the text value of the element identified by ``locator``.</doc>
<arguments>
<arg>xpath=//table[@name='BookTable']/tbody/tr[5]/td[1]</arg>
</arguments>
<assign>
<var>${data}</var>
</assign>
<msg timestamp="20210813 12:11:15.177" level="INFO">${data} = Master In Selenium</msg>
<status status="PASS" starttime="20210813 12:11:15.144" endtime="20210813 12:11:15.177"></status>
</kw>
<kw name="Log To Console" library="BuiltIn">
<doc>Logs the given message to the console.</doc>
<arguments>
<arg>${data}</arg>
</arguments>
<status status="PASS" starttime="20210813 12:11:15.178" endtime="20210813 12:11:15.179"></status>
</kw>
<kw name="Table Column Should Contain" library="SeleniumLibrary">
<doc>Verifies table column contains text ``expected``.</doc>
<arguments>
<arg>xpath=//table[@name='BookTable']</arg>
<arg>2</arg>
<arg>Author</arg>
</arguments>
<status status="PASS" starttime="20210813 12:11:15.179" endtime="20210813 12:11:15.226"></status>
</kw>
<kw name="Table Row Should Contain" library="SeleniumLibrary">
<doc>Verifies that table row contains text ``expected``.</doc>
<arguments>
<arg>xpath=//table[@name='BookTable']</arg>
<arg>4</arg>
<arg>Learn JS</arg>
</arguments>
<status status="PASS" starttime="20210813 12:11:15.227" endtime="20210813 12:11:15.298"></status>
</kw>
<kw name="Table Cell Should Contain" library="SeleniumLibrary">
<doc>Verifies table cell contains text ``expected``.</doc>
<arguments>
<arg>xpath=//table[@name='BookTable']</arg>
<arg>5</arg>
<arg>2</arg>
<arg>Mukesh</arg>
</arguments>
<msg timestamp="20210813 12:11:15.337" level="INFO">Table cell contains 'Mukesh'.</msg>
<status status="PASS" starttime="20210813 12:11:15.298" endtime="20210813 12:11:15.337"></status>
</kw>
<kw name="Table Header Should Contain" library="SeleniumLibrary">
<doc>Verifies table header contains text ``expected``.</doc>
<arguments>
<arg>xpath=//table[@name='BookTable']</arg>
<arg>BookName</arg>
</arguments>
<status status="PASS" starttime="20210813 12:11:15.337" endtime="20210813 12:11:15.363"></status>
</kw>
<status status="PASS" starttime="20210813 12:10:49.605" endtime="20210813 12:11:15.364" critical="yes"></status>
</test>
<status status="PASS" starttime="20210813 12:10:49.355" endtime="20210813 12:11:15.366"></status>
</suite>
<status status="PASS" starttime="20210813 12:10:49.320" endtime="20210813 12:11:15.370"></status>
</suite>
<statistics>
<total>
<stat pass="1" fail="0">Critical Tests</stat>
<stat pass="1" fail="0">All Tests</stat>
</total>
<tag>
</tag>
<suite>
<stat pass="1" fail="0" id="s1" name="Suites">Suites</stat>
<stat pass="1" fail="0" id="s1-s1" name="Table">Suites.Table</stat>
</suite>
</statistics>
<errors>
</errors>
</robot>
